-------------------------------------------------------------------------------
Test set: guru.springframework.sfgpetclinic.mappers.PetToPetCommandTest
-------------------------------------------------------------------------------
Tests run: 3, Failures: 0, Errors: 1, Skipped: 0, Time elapsed: 0.071 s <<< FAILURE! - in guru.springframework.sfgpetclinic.mappers.PetToPetCommandTest
testConvert  Time elapsed: 0.002 s  <<< ERROR!
java.lang.NullPointerException
	at guru.springframework.sfgpetclinic.mappers.PetToPetCommandTest.testConvert(PetToPetCommandTest.java:83)

