<?xml version="1.0" encoding="UTF-8"?>
<testsuite xmlns:xsi="http://www.w3.org/2001/XMLSchema-instance" xsi:noNamespaceSchemaLocation="https://maven.apache.org/surefire/maven-surefire-plugin/xsd/surefire-test-report.xsd" name="guru.springframework.sfgpetclinic.mappers.PetTypeCommandToPetTypeTest" time="0.022" tests="3" errors="0" skipped="0" failures="0">
  <properties>
[...]
</properties>
  <testcase name="testEmptyObject" classname="guru.springframework.sfgpetclinic.mappers.PetTypeCommandToPetTypeTest" time="0"/>
  <testcase name="testConvert" classname="guru.springframework.sfgpetclinic.mappers.PetTypeCommandToPetTypeTest" time="0.001"/>
  <testcase name="testNullObject" classname="guru.springframework.sfgpetclinic.mappers.PetTypeCommandToPetTypeTest" time="0"/>
</testsuite>